<?xml version="1.0" encoding="UTF-8"?>
<!-- Generated by org.testng.reporters.JUnitReportReporter -->
<testsuite hostname="DESKTOP-V075FRK" failures="0" tests="2" name="com.ddf.test.LoginTest.LoginForMoney" time="17.660" errors="0" timestamp="2021-10-11T14:50:13 IST" skipped="0">
  <testcase classname="com.ddf.test.LoginTest.LoginForMoney" name="testOne" time="15.605"/>
  <system-out/>
  <testcase classname="com.ddf.test.LoginTest.LoginForMoney" name="testcreatePortfolio" time="2.055"/>
  <system-out/>
</testsuite> <!-- com.ddf.test.LoginTest.LoginForMoney -->
