<?xml version="1.0" encoding="UTF-8"?>
<!-- Generated by org.testng.reporters.JUnitReportReporter -->
<testsuite hostname="DESKTOP-V075FRK" failures="0" tests="1" name="com.ddf.test.LoginTest.temp_prop" time="0.012" errors="0" timestamp="2021-10-09T14:42:09 IST" skipped="0">
  <testcase classname="com.ddf.test.LoginTest.temp_prop" name="readprop" time="0.012"/>
  <system-out/>
</testsuite> <!-- com.ddf.test.LoginTest.temp_prop -->
