<?xml version="1.0" encoding="UTF-8"?>
<!-- Generated by org.testng.reporters.JUnitReportReporter -->
<testsuite hostname="DESKTOP-V075FRK" failures="0" tests="1" name="com.ddf.test.LoginTest.Sign_upTest" time="18.619" errors="0" timestamp="2021-10-11T20:27:23 IST" skipped="0">
  <testcase classname="com.ddf.test.LoginTest.Sign_upTest" name="testOne" time="18.619"/>
  <system-out/>
</testsuite> <!-- com.ddf.test.LoginTest.Sign_upTest -->
