<?xml version="1.0" encoding="UTF-8"?>
<!-- Generated by org.testng.reporters.JUnitReportReporter -->
<testsuite hostname="DESKTOP-V075FRK" failures="0" tests="3" name="com.ddf.test.LoginTest.loginTest_v5" time="100.259" errors="0" timestamp="2021-10-11T12:20:34 IST" skipped="0">
  <testcase classname="com.ddf.test.LoginTest.loginTest_v5" name="testOne" time="35.293"/>
  <system-out/>
  <testcase classname="com.ddf.test.LoginTest.loginTest_v5" name="testOne" time="43.511"/>
  <system-out/>
  <testcase classname="com.ddf.test.LoginTest.loginTest_v5" name="testOne" time="21.455"/>
  <system-out/>
</testsuite> <!-- com.ddf.test.LoginTest.loginTest_v5 -->
