<?xml version="1.0" encoding="UTF-8"?>
<!-- Generated by org.testng.reporters.JUnitReportReporter -->
<testsuite hostname="DESKTOP-V075FRK" failures="0" tests="1" name="com.ddf.test.LoginTest.loginTest_v_3" time="19.097" errors="0" timestamp="2021-10-13T16:26:15 IST" skipped="0">
  <testcase classname="com.ddf.test.LoginTest.loginTest_v_3" name="testOne" time="19.097"/>
  <system-out/>
</testsuite> <!-- com.ddf.test.LoginTest.loginTest_v_3 -->
