<?xml version="1.0" encoding="UTF-8"?>
<!-- Generated by org.testng.reporters.JUnitReportReporter -->
<testsuite hostname="DESKTOP-V075FRK" failures="0" tests="3" name="com.ddf.test.LoginTest.loginTest_v1" time="78.405" errors="0" timestamp="2021-10-09T13:02:29 IST" skipped="0">
  <testcase classname="com.ddf.test.LoginTest.loginTest_v1" name="testThree" time="9.795"/>
  <system-out/>
  <testcase classname="com.ddf.test.LoginTest.loginTest_v1" name="testOne" time="40.585"/>
  <system-out/>
  <testcase classname="com.ddf.test.LoginTest.loginTest_v1" name="testTwo" time="28.025"/>
  <system-out/>
</testsuite> <!-- com.ddf.test.LoginTest.loginTest_v1 -->
