<?xml version="1.0" encoding="UTF-8"?>
<!-- Generated by org.testng.reporters.JUnitReportReporter -->
<testsuite hostname="DESKTOP-V075FRK" failures="0" tests="1" name="TestCases.MailTests" time="36.252" errors="0" timestamp="2021-10-15T16:17:06 IST" skipped="0">
  <testcase classname="TestCases.MailTests" name="writeMailTest" time="36.252"/>
  <system-out/>
</testsuite> <!-- TestCases.MailTests -->
