<?xml version="1.0" encoding="UTF-8"?>
<!-- Generated by org.testng.reporters.JUnitReportReporter -->
<testsuite skipped="0" hostname="DESKTOP-OH5FOUM" name="TestCases.MyStockTest" tests="1" failures="0" timestamp="2021-07-29T12:59:28 IST" time="55.649" errors="0">
  <testcase name="AddStockTest" time="55.649" classname="TestCases.MyStockTest"/>
  <system-out/>
</testsuite> <!-- TestCases.MyStockTest -->
